Info: Starting: Create block symbol file (.bsf)
Info: qsys-generate C:\Users\koitoyuu\Documents\Spring2021\ECE385\FinalProject\FinalProjectSoC.qsys --block-symbol-file --output-directory=C:\Users\koitoyuu\Documents\Spring2021\ECE385\FinalProject\FinalProjectSoC --family="MAX 10" --part=10M50DAF484C7G
Progress: Loading FinalProject/FinalProjectSoC.qsys
Progress: Reading input file
Progress: Adding clk_0 [clock_source 18.1]
Progress: Parameterizing module clk_0
Progress: Adding endgg [altera_avalon_pio 18.1]
Progress: Parameterizing module endgg
Progress: Adding hex_digits_pio [altera_avalon_pio 18.1]
Progress: Parameterizing module hex_digits_pio
Progress: Adding i2c_0 [altera_avalon_i2c 18.1]
Progress: Parameterizing module i2c_0
Progress: Adding jtag_uart_0 [altera_avalon_jtag_uart 18.1]
Progress: Parameterizing module jtag_uart_0
Progress: Adding key [altera_avalon_pio 18.1]
Progress: Parameterizing module key
Progress: Adding keycode_0 [altera_avalon_pio 18.1]
Progress: Parameterizing module keycode_0
Progress: Adding keycode_1 [altera_avalon_pio 18.1]
Progress: Parameterizing module keycode_1
Progress: Adding leds_pio [altera_avalon_pio 18.1]
Progress: Parameterizing module leds_pio
Progress: Adding nios2_gen2_0 [altera_nios2_gen2 18.1]
Progress: Parameterizing module nios2_gen2_0
Progress: Adding onchip_memory2_0 [altera_avalon_onchip_memory2 18.1]
Progress: Parameterizing module onchip_memory2_0
Progress: Adding push_btn [altera_avalon_pio 18.1]
Progress: Parameterizing module push_btn
Progress: Adding score [altera_avalon_pio 18.1]
Progress: Parameterizing module score
Progress: Adding sdram [altera_avalon_new_sdram_controller 18.1]
Progress: Parameterizing module sdram
Progress: Adding sdram_pll [altpll 18.1]
Progress: Parameterizing module sdram_pll
Progress: Adding spawn_0 [altera_avalon_pio 18.1]
Progress: Parameterizing module spawn_0
Progress: Adding spawn_1 [altera_avalon_pio 18.1]
Progress: Parameterizing module spawn_1
Progress: Adding spi_0 [altera_avalon_spi 18.1]
Progress: Parameterizing module spi_0
Progress: Adding start [altera_avalon_pio 18.1]
Progress: Parameterizing module start
Progress: Adding sysid_qsys_0 [altera_avalon_sysid_qsys 18.1]
Progress: Parameterizing module sysid_qsys_0
Progress: Adding timer_0 [altera_avalon_timer 18.1]
Progress: Parameterizing module timer_0
Progress: Adding usb_gpx [altera_avalon_pio 18.1]
Progress: Parameterizing module usb_gpx
Progress: Adding usb_irq [altera_avalon_pio 18.1]
Progress: Parameterizing module usb_irq
Progress: Adding usb_rst [altera_avalon_pio 18.1]
Progress: Parameterizing module usb_rst
Progress: Building connections
Progress: Parameterizing connections
Progress: Validating
Progress: Done reading input file
Info: FinalProjectSoC.jtag_uart_0: JTAG UART IP input clock need to be at least double (2x) the operating frequency of JTAG TCK on board
Info: FinalProjectSoC.key: PIO inputs are not hardwired in test bench. Undefined values will be read from PIO inputs during simulation.
Info: FinalProjectSoC.sysid_qsys_0: System ID is not assigned automatically. Edit the System ID parameter to provide a unique ID
Info: FinalProjectSoC.sysid_qsys_0: Time stamp will be automatically updated when this component is generated.
Info: FinalProjectSoC.usb_gpx: PIO inputs are not hardwired in test bench. Undefined values will be read from PIO inputs during simulation.
Info: FinalProjectSoC.usb_irq: PIO inputs are not hardwired in test bench. Undefined values will be read from PIO inputs during simulation.
Info: qsys-generate succeeded.
Info: Finished: Create block symbol file (.bsf)
Info: 
Info: Starting: Create HDL design files for synthesis
Info: qsys-generate C:\Users\koitoyuu\Documents\Spring2021\ECE385\FinalProject\FinalProjectSoC.qsys --synthesis=VERILOG --output-directory=C:\Users\koitoyuu\Documents\Spring2021\ECE385\FinalProject\FinalProjectSoC\synthesis --family="MAX 10" --part=10M50DAF484C7G
Progress: Loading FinalProject/FinalProjectSoC.qsys
Progress: Reading input file
Progress: Adding clk_0 [clock_source 18.1]
Progress: Parameterizing module clk_0
Progress: Adding endgg [altera_avalon_pio 18.1]
Progress: Parameterizing module endgg
Progress: Adding hex_digits_pio [altera_avalon_pio 18.1]
Progress: Parameterizing module hex_digits_pio
Progress: Adding i2c_0 [altera_avalon_i2c 18.1]
Progress: Parameterizing module i2c_0
Progress: Adding jtag_uart_0 [altera_avalon_jtag_uart 18.1]
Progress: Parameterizing module jtag_uart_0
Progress: Adding key [altera_avalon_pio 18.1]
Progress: Parameterizing module key
Progress: Adding keycode_0 [altera_avalon_pio 18.1]
Progress: Parameterizing module keycode_0
Progress: Adding keycode_1 [altera_avalon_pio 18.1]
Progress: Parameterizing module keycode_1
Progress: Adding leds_pio [altera_avalon_pio 18.1]
Progress: Parameterizing module leds_pio
Progress: Adding nios2_gen2_0 [altera_nios2_gen2 18.1]
Progress: Parameterizing module nios2_gen2_0
Progress: Adding onchip_memory2_0 [altera_avalon_onchip_memory2 18.1]
Progress: Parameterizing module onchip_memory2_0
Progress: Adding push_btn [altera_avalon_pio 18.1]
Progress: Parameterizing module push_btn
Progress: Adding score [altera_avalon_pio 18.1]
Progress: Parameterizing module score
Progress: Adding sdram [altera_avalon_new_sdram_controller 18.1]
Progress: Parameterizing module sdram
Progress: Adding sdram_pll [altpll 18.1]
Progress: Parameterizing module sdram_pll
Progress: Adding spawn_0 [altera_avalon_pio 18.1]
Progress: Parameterizing module spawn_0
Progress: Adding spawn_1 [altera_avalon_pio 18.1]
Progress: Parameterizing module spawn_1
Progress: Adding spi_0 [altera_avalon_spi 18.1]
Progress: Parameterizing module spi_0
Progress: Adding start [altera_avalon_pio 18.1]
Progress: Parameterizing module start
Progress: Adding sysid_qsys_0 [altera_avalon_sysid_qsys 18.1]
Progress: Parameterizing module sysid_qsys_0
Progress: Adding timer_0 [altera_avalon_timer 18.1]
Progress: Parameterizing module timer_0
Progress: Adding usb_gpx [altera_avalon_pio 18.1]
Progress: Parameterizing module usb_gpx
Progress: Adding usb_irq [altera_avalon_pio 18.1]
Progress: Parameterizing module usb_irq
Progress: Adding usb_rst [altera_avalon_pio 18.1]
Progress: Parameterizing module usb_rst
Progress: Building connections
Progress: Parameterizing connections
Progress: Validating
Progress: Done reading input file
Info: FinalProjectSoC.jtag_uart_0: JTAG UART IP input clock need to be at least double (2x) the operating frequency of JTAG TCK on board
Info: FinalProjectSoC.key: PIO inputs are not hardwired in test bench. Undefined values will be read from PIO inputs during simulation.
Info: FinalProjectSoC.sysid_qsys_0: System ID is not assigned automatically. Edit the System ID parameter to provide a unique ID
Info: FinalProjectSoC.sysid_qsys_0: Time stamp will be automatically updated when this component is generated.
Info: FinalProjectSoC.usb_gpx: PIO inputs are not hardwired in test bench. Undefined values will be read from PIO inputs during simulation.
Info: FinalProjectSoC.usb_irq: PIO inputs are not hardwired in test bench. Undefined values will be read from PIO inputs during simulation.
Info: FinalProjectSoC: Generating FinalProjectSoC "FinalProjectSoC" for QUARTUS_SYNTH
Info: endgg: Starting RTL generation for module 'FinalProjectSoC_endgg'
Info: endgg:   Generation command is [exec C:/intelfpga_lite/18.1/quartus/bin64/perl/bin/perl.exe -I C:/intelfpga_lite/18.1/quartus/bin64/perl/lib -I C:/intelfpga_lite/18.1/quartus/sopc_builder/bin/europa -I C:/intelfpga_lite/18.1/quartus/sopc_builder/bin/perl_lib -I C:/intelfpga_lite/18.1/quartus/sopc_builder/bin -I C:/intelfpga_lite/18.1/quartus/../ip/altera/sopc_builder_ip/common -I C:/intelfpga_lite/18.1/quartus/../ip/altera/sopc_builder_ip/altera_avalon_pio -- C:/intelfpga_lite/18.1/quartus/../ip/altera/sopc_builder_ip/altera_avalon_pio/generate_rtl.pl --name=FinalProjectSoC_endgg --dir=C:/Users/koitoyuu/AppData/Local/Temp/alt8754_1276930275757821920.dir/0002_endgg_gen/ --quartus_dir=C:/intelfpga_lite/18.1/quartus --verilog --config=C:/Users/koitoyuu/AppData/Local/Temp/alt8754_1276930275757821920.dir/0002_endgg_gen//FinalProjectSoC_endgg_component_configuration.pl  --do_build_sim=0  ]
Info: endgg: Done RTL generation for module 'FinalProjectSoC_endgg'
Info: endgg: "FinalProjectSoC" instantiated altera_avalon_pio "endgg"
Info: hex_digits_pio: Starting RTL generation for module 'FinalProjectSoC_hex_digits_pio'
Info: hex_digits_pio:   Generation command is [exec C:/intelfpga_lite/18.1/quartus/bin64/perl/bin/perl.exe -I C:/intelfpga_lite/18.1/quartus/bin64/perl/lib -I C:/intelfpga_lite/18.1/quartus/sopc_builder/bin/europa -I C:/intelfpga_lite/18.1/quartus/sopc_builder/bin/perl_lib -I C:/intelfpga_lite/18.1/quartus/sopc_builder/bin -I C:/intelfpga_lite/18.1/quartus/../ip/altera/sopc_builder_ip/common -I C:/intelfpga_lite/18.1/quartus/../ip/altera/sopc_builder_ip/altera_avalon_pio -- C:/intelfpga_lite/18.1/quartus/../ip/altera/sopc_builder_ip/altera_avalon_pio/generate_rtl.pl --name=FinalProjectSoC_hex_digits_pio --dir=C:/Users/koitoyuu/AppData/Local/Temp/alt8754_1276930275757821920.dir/0003_hex_digits_pio_gen/ --quartus_dir=C:/intelfpga_lite/18.1/quartus --verilog --config=C:/Users/koitoyuu/AppData/Local/Temp/alt8754_1276930275757821920.dir/0003_hex_digits_pio_gen//FinalProjectSoC_hex_digits_pio_component_configuration.pl  --do_build_sim=0  ]
Info: hex_digits_pio: Done RTL generation for module 'FinalProjectSoC_hex_digits_pio'
Info: hex_digits_pio: "FinalProjectSoC" instantiated altera_avalon_pio "hex_digits_pio"
Info: i2c_0: "FinalProjectSoC" instantiated altera_avalon_i2c "i2c_0"
Info: jtag_uart_0: Starting RTL generation for module 'FinalProjectSoC_jtag_uart_0'
Info: jtag_uart_0:   Generation command is [exec C:/intelfpga_lite/18.1/quartus/bin64/perl/bin/perl.exe -I C:/intelfpga_lite/18.1/quartus/bin64/perl/lib -I C:/intelfpga_lite/18.1/quartus/sopc_builder/bin/europa -I C:/intelfpga_lite/18.1/quartus/sopc_builder/bin/perl_lib -I C:/intelfpga_lite/18.1/quartus/sopc_builder/bin -I C:/intelfpga_lite/18.1/quartus/../ip/altera/sopc_builder_ip/common -I C:/intelfpga_lite/18.1/quartus/../ip/altera/sopc_builder_ip/altera_avalon_jtag_uart -- C:/intelfpga_lite/18.1/quartus/../ip/altera/sopc_builder_ip/altera_avalon_jtag_uart/generate_rtl.pl --name=FinalProjectSoC_jtag_uart_0 --dir=C:/Users/koitoyuu/AppData/Local/Temp/alt8754_1276930275757821920.dir/0005_jtag_uart_0_gen/ --quartus_dir=C:/intelfpga_lite/18.1/quartus --verilog --config=C:/Users/koitoyuu/AppData/Local/Temp/alt8754_1276930275757821920.dir/0005_jtag_uart_0_gen//FinalProjectSoC_jtag_uart_0_component_configuration.pl  --do_build_sim=0  ]
Info: jtag_uart_0: Done RTL generation for module 'FinalProjectSoC_jtag_uart_0'
Info: jtag_uart_0: "FinalProjectSoC" instantiated altera_avalon_jtag_uart "jtag_uart_0"
Info: key: Starting RTL generation for module 'FinalProjectSoC_key'
Info: key:   Generation command is [exec C:/intelfpga_lite/18.1/quartus/bin64/perl/bin/perl.exe -I C:/intelfpga_lite/18.1/quartus/bin64/perl/lib -I C:/intelfpga_lite/18.1/quartus/sopc_builder/bin/europa -I C:/intelfpga_lite/18.1/quartus/sopc_builder/bin/perl_lib -I C:/intelfpga_lite/18.1/quartus/sopc_builder/bin -I C:/intelfpga_lite/18.1/quartus/../ip/altera/sopc_builder_ip/common -I C:/intelfpga_lite/18.1/quartus/../ip/altera/sopc_builder_ip/altera_avalon_pio -- C:/intelfpga_lite/18.1/quartus/../ip/altera/sopc_builder_ip/altera_avalon_pio/generate_rtl.pl --name=FinalProjectSoC_key --dir=C:/Users/koitoyuu/AppData/Local/Temp/alt8754_1276930275757821920.dir/0006_key_gen/ --quartus_dir=C:/intelfpga_lite/18.1/quartus --verilog --config=C:/Users/koitoyuu/AppData/Local/Temp/alt8754_1276930275757821920.dir/0006_key_gen//FinalProjectSoC_key_component_configuration.pl  --do_build_sim=0  ]
Info: key: Done RTL generation for module 'FinalProjectSoC_key'
Info: key: "FinalProjectSoC" instantiated altera_avalon_pio "key"
Info: keycode_0: Starting RTL generation for module 'FinalProjectSoC_keycode_0'
Info: keycode_0:   Generation command is [exec C:/intelfpga_lite/18.1/quartus/bin64/perl/bin/perl.exe -I C:/intelfpga_lite/18.1/quartus/bin64/perl/lib -I C:/intelfpga_lite/18.1/quartus/sopc_builder/bin/europa -I C:/intelfpga_lite/18.1/quartus/sopc_builder/bin/perl_lib -I C:/intelfpga_lite/18.1/quartus/sopc_builder/bin -I C:/intelfpga_lite/18.1/quartus/../ip/altera/sopc_builder_ip/common -I C:/intelfpga_lite/18.1/quartus/../ip/altera/sopc_builder_ip/altera_avalon_pio -- C:/intelfpga_lite/18.1/quartus/../ip/altera/sopc_builder_ip/altera_avalon_pio/generate_rtl.pl --name=FinalProjectSoC_keycode_0 --dir=C:/Users/koitoyuu/AppData/Local/Temp/alt8754_1276930275757821920.dir/0007_keycode_0_gen/ --quartus_dir=C:/intelfpga_lite/18.1/quartus --verilog --config=C:/Users/koitoyuu/AppData/Local/Temp/alt8754_1276930275757821920.dir/0007_keycode_0_gen//FinalProjectSoC_keycode_0_component_configuration.pl  --do_build_sim=0  ]
Info: keycode_0: Done RTL generation for module 'FinalProjectSoC_keycode_0'
Info: keycode_0: "FinalProjectSoC" instantiated altera_avalon_pio "keycode_0"
Info: leds_pio: Starting RTL generation for module 'FinalProjectSoC_leds_pio'
Info: leds_pio:   Generation command is [exec C:/intelfpga_lite/18.1/quartus/bin64/perl/bin/perl.exe -I C:/intelfpga_lite/18.1/quartus/bin64/perl/lib -I C:/intelfpga_lite/18.1/quartus/sopc_builder/bin/europa -I C:/intelfpga_lite/18.1/quartus/sopc_builder/bin/perl_lib -I C:/intelfpga_lite/18.1/quartus/sopc_builder/bin -I C:/intelfpga_lite/18.1/quartus/../ip/altera/sopc_builder_ip/common -I C:/intelfpga_lite/18.1/quartus/../ip/altera/sopc_builder_ip/altera_avalon_pio -- C:/intelfpga_lite/18.1/quartus/../ip/altera/sopc_builder_ip/altera_avalon_pio/generate_rtl.pl --name=FinalProjectSoC_leds_pio --dir=C:/Users/koitoyuu/AppData/Local/Temp/alt8754_1276930275757821920.dir/0008_leds_pio_gen/ --quartus_dir=C:/intelfpga_lite/18.1/quartus --verilog --config=C:/Users/koitoyuu/AppData/Local/Temp/alt8754_1276930275757821920.dir/0008_leds_pio_gen//FinalProjectSoC_leds_pio_component_configuration.pl  --do_build_sim=0  ]
Info: leds_pio: Done RTL generation for module 'FinalProjectSoC_leds_pio'
Info: leds_pio: "FinalProjectSoC" instantiated altera_avalon_pio "leds_pio"
Info: nios2_gen2_0: "FinalProjectSoC" instantiated altera_nios2_gen2 "nios2_gen2_0"
Info: onchip_memory2_0: Starting RTL generation for module 'FinalProjectSoC_onchip_memory2_0'
Info: onchip_memory2_0:   Generation command is [exec C:/intelfpga_lite/18.1/quartus/bin64/perl/bin/perl.exe -I C:/intelfpga_lite/18.1/quartus/bin64/perl/lib -I C:/intelfpga_lite/18.1/quartus/sopc_builder/bin/europa -I C:/intelfpga_lite/18.1/quartus/sopc_builder/bin/perl_lib -I C:/intelfpga_lite/18.1/quartus/sopc_builder/bin -I C:/intelfpga_lite/18.1/quartus/../ip/altera/sopc_builder_ip/common -I C:/intelfpga_lite/18.1/quartus/../ip/altera/sopc_builder_ip/altera_avalon_onchip_memory2 -- C:/intelfpga_lite/18.1/quartus/../ip/altera/sopc_builder_ip/altera_avalon_onchip_memory2/generate_rtl.pl --name=FinalProjectSoC_onchip_memory2_0 --dir=C:/Users/koitoyuu/AppData/Local/Temp/alt8754_1276930275757821920.dir/0009_onchip_memory2_0_gen/ --quartus_dir=C:/intelfpga_lite/18.1/quartus --verilog --config=C:/Users/koitoyuu/AppData/Local/Temp/alt8754_1276930275757821920.dir/0009_onchip_memory2_0_gen//FinalProjectSoC_onchip_memory2_0_component_configuration.pl  --do_build_sim=0  ]
Info: onchip_memory2_0: Done RTL generation for module 'FinalProjectSoC_onchip_memory2_0'
Info: onchip_memory2_0: "FinalProjectSoC" instantiated altera_avalon_onchip_memory2 "onchip_memory2_0"
Info: score: Starting RTL generation for module 'FinalProjectSoC_score'
Info: score:   Generation command is [exec C:/intelfpga_lite/18.1/quartus/bin64/perl/bin/perl.exe -I C:/intelfpga_lite/18.1/quartus/bin64/perl/lib -I C:/intelfpga_lite/18.1/quartus/sopc_builder/bin/europa -I C:/intelfpga_lite/18.1/quartus/sopc_builder/bin/perl_lib -I C:/intelfpga_lite/18.1/quartus/sopc_builder/bin -I C:/intelfpga_lite/18.1/quartus/../ip/altera/sopc_builder_ip/common -I C:/intelfpga_lite/18.1/quartus/../ip/altera/sopc_builder_ip/altera_avalon_pio -- C:/intelfpga_lite/18.1/quartus/../ip/altera/sopc_builder_ip/altera_avalon_pio/generate_rtl.pl --name=FinalProjectSoC_score --dir=C:/Users/koitoyuu/AppData/Local/Temp/alt8754_1276930275757821920.dir/0010_score_gen/ --quartus_dir=C:/intelfpga_lite/18.1/quartus --verilog --config=C:/Users/koitoyuu/AppData/Local/Temp/alt8754_1276930275757821920.dir/0010_score_gen//FinalProjectSoC_score_component_configuration.pl  --do_build_sim=0  ]
Info: score: Done RTL generation for module 'FinalProjectSoC_score'
Info: score: "FinalProjectSoC" instantiated altera_avalon_pio "score"
Info: spawn_0: Starting RTL generation for module 'FinalProjectSoC_spawn_0'
Info: spawn_0:   Generation command is [exec C:/intelfpga_lite/18.1/quartus/bin64/perl/bin/perl.exe -I C:/intelfpga_lite/18.1/quartus/bin64/perl/lib -I C:/intelfpga_lite/18.1/quartus/sopc_builder/bin/europa -I C:/intelfpga_lite/18.1/quartus/sopc_builder/bin/perl_lib -I C:/intelfpga_lite/18.1/quartus/sopc_builder/bin -I C:/intelfpga_lite/18.1/quartus/../ip/altera/sopc_builder_ip/common -I C:/intelfpga_lite/18.1/quartus/../ip/altera/sopc_builder_ip/altera_avalon_pio -- C:/intelfpga_lite/18.1/quartus/../ip/altera/sopc_builder_ip/altera_avalon_pio/generate_rtl.pl --name=FinalProjectSoC_spawn_0 --dir=C:/Users/koitoyuu/AppData/Local/Temp/alt8754_1276930275757821920.dir/0011_spawn_0_gen/ --quartus_dir=C:/intelfpga_lite/18.1/quartus --verilog --config=C:/Users/koitoyuu/AppData/Local/Temp/alt8754_1276930275757821920.dir/0011_spawn_0_gen//FinalProjectSoC_spawn_0_component_configuration.pl  --do_build_sim=0  ]
Info: spawn_0: Done RTL generation for module 'FinalProjectSoC_spawn_0'
Info: spawn_0: "FinalProjectSoC" instantiated altera_avalon_pio "spawn_0"
Info: spi_0: Starting RTL generation for module 'FinalProjectSoC_spi_0'
Info: spi_0:   Generation command is [exec C:/intelfpga_lite/18.1/quartus/bin64/perl/bin/perl.exe -I C:/intelfpga_lite/18.1/quartus/bin64/perl/lib -I C:/intelfpga_lite/18.1/quartus/sopc_builder/bin/europa -I C:/intelfpga_lite/18.1/quartus/sopc_builder/bin/perl_lib -I C:/intelfpga_lite/18.1/quartus/sopc_builder/bin -I C:/intelfpga_lite/18.1/quartus/../ip/altera/sopc_builder_ip/common -I C:/intelfpga_lite/18.1/quartus/../ip/altera/sopc_builder_ip/altera_avalon_spi -- C:/intelfpga_lite/18.1/quartus/../ip/altera/sopc_builder_ip/altera_avalon_spi/generate_rtl.pl --name=FinalProjectSoC_spi_0 --dir=C:/Users/koitoyuu/AppData/Local/Temp/alt8754_1276930275757821920.dir/0012_spi_0_gen/ --quartus_dir=C:/intelfpga_lite/18.1/quartus --verilog --config=C:/Users/koitoyuu/AppData/Local/Temp/alt8754_1276930275757821920.dir/0012_spi_0_gen//FinalProjectSoC_spi_0_component_configuration.pl  --do_build_sim=0  ]
Info: spi_0: Done RTL generation for module 'FinalProjectSoC_spi_0'
Info: spi_0: "FinalProjectSoC" instantiated altera_avalon_spi "spi_0"
Info: sysid_qsys_0: "FinalProjectSoC" instantiated altera_avalon_sysid_qsys "sysid_qsys_0"
Info: timer_0: Starting RTL generation for module 'FinalProjectSoC_timer_0'
Info: timer_0:   Generation command is [exec C:/intelFPGA_lite/18.1/quartus/bin64//perl/bin/perl.exe -I C:/intelFPGA_lite/18.1/quartus/bin64//perl/lib -I C:/intelfpga_lite/18.1/quartus/sopc_builder/bin/europa -I C:/intelfpga_lite/18.1/quartus/sopc_builder/bin/perl_lib -I C:/intelfpga_lite/18.1/quartus/sopc_builder/bin -I C:/intelfpga_lite/18.1/quartus/../ip/altera/sopc_builder_ip/common -I C:/intelfpga_lite/18.1/quartus/../ip/altera/sopc_builder_ip/altera_avalon_timer -- C:/intelfpga_lite/18.1/quartus/../ip/altera/sopc_builder_ip/altera_avalon_timer/generate_rtl.pl --name=FinalProjectSoC_timer_0 --dir=C:/Users/koitoyuu/AppData/Local/Temp/alt8754_1276930275757821920.dir/0014_timer_0_gen/ --quartus_dir=C:/intelfpga_lite/18.1/quartus --verilog --config=C:/Users/koitoyuu/AppData/Local/Temp/alt8754_1276930275757821920.dir/0014_timer_0_gen//FinalProjectSoC_timer_0_component_configuration.pl  --do_build_sim=0  ]
Info: timer_0: Done RTL generation for module 'FinalProjectSoC_timer_0'
Info: timer_0: "FinalProjectSoC" instantiated altera_avalon_timer "timer_0"
Info: usb_gpx: Starting RTL generation for module 'FinalProjectSoC_usb_gpx'
Info: usb_gpx:   Generation command is [exec C:/intelfpga_lite/18.1/quartus/bin64/perl/bin/perl.exe -I C:/intelfpga_lite/18.1/quartus/bin64/perl/lib -I C:/intelfpga_lite/18.1/quartus/sopc_builder/bin/europa -I C:/intelfpga_lite/18.1/quartus/sopc_builder/bin/perl_lib -I C:/intelfpga_lite/18.1/quartus/sopc_builder/bin -I C:/intelfpga_lite/18.1/quartus/../ip/altera/sopc_builder_ip/common -I C:/intelfpga_lite/18.1/quartus/../ip/altera/sopc_builder_ip/altera_avalon_pio -- C:/intelfpga_lite/18.1/quartus/../ip/altera/sopc_builder_ip/altera_avalon_pio/generate_rtl.pl --name=FinalProjectSoC_usb_gpx --dir=C:/Users/koitoyuu/AppData/Local/Temp/alt8754_1276930275757821920.dir/0015_usb_gpx_gen/ --quartus_dir=C:/intelfpga_lite/18.1/quartus --verilog --config=C:/Users/koitoyuu/AppData/Local/Temp/alt8754_1276930275757821920.dir/0015_usb_gpx_gen//FinalProjectSoC_usb_gpx_component_configuration.pl  --do_build_sim=0  ]
Info: usb_gpx: Done RTL generation for module 'FinalProjectSoC_usb_gpx'
Info: usb_gpx: "FinalProjectSoC" instantiated altera_avalon_pio "usb_gpx"
Info: avalon_st_adapter: Inserting error_adapter: error_adapter_0
Info: avalon_st_adapter_001: Inserting error_adapter: error_adapter_0
Info: avalon_st_adapter_002: Inserting error_adapter: error_adapter_0
Info: avalon_st_adapter_003: Inserting error_adapter: error_adapter_0
Info: avalon_st_adapter_004: Inserting error_adapter: error_adapter_0
Info: avalon_st_adapter_005: Inserting error_adapter: error_adapter_0
Info: avalon_st_adapter_006: Inserting error_adapter: error_adapter_0
Info: avalon_st_adapter_007: Inserting error_adapter: error_adapter_0
Info: avalon_st_adapter_008: Inserting error_adapter: error_adapter_0
Info: avalon_st_adapter_009: Inserting error_adapter: error_adapter_0
Info: avalon_st_adapter_010: Inserting error_adapter: error_adapter_0
Info: avalon_st_adapter_011: Inserting error_adapter: error_adapter_0
Info: avalon_st_adapter_012: Inserting error_adapter: error_adapter_0
Info: avalon_st_adapter_013: Inserting error_adapter: error_adapter_0
Info: avalon_st_adapter_014: Inserting error_adapter: error_adapter_0
Info: avalon_st_adapter_015: Inserting error_adapter: error_adapter_0
Info: avalon_st_adapter_016: Inserting error_adapter: error_adapter_0
Info: avalon_st_adapter_017: Inserting error_adapter: error_adapter_0
Info: avalon_st_adapter_018: Inserting error_adapter: error_adapter_0
Info: avalon_st_adapter_019: Inserting error_adapter: error_adapter_0
Info: mm_interconnect_0: "FinalProjectSoC" instantiated altera_mm_interconnect "mm_interconnect_0"
Info: irq_mapper: "FinalProjectSoC" instantiated altera_irq_mapper "irq_mapper"
Info: rst_controller: "FinalProjectSoC" instantiated altera_reset_controller "rst_controller"
Info: cpu: Starting RTL generation for module 'FinalProjectSoC_nios2_gen2_0_cpu'
Info: cpu:   Generation command is [exec C:/intelFPGA_lite/18.1/quartus/bin64//eperlcmd.exe -I C:/intelFPGA_lite/18.1/quartus/bin64//perl/lib -I C:/intelfpga_lite/18.1/quartus/sopc_builder/bin/europa -I C:/intelfpga_lite/18.1/quartus/sopc_builder/bin/perl_lib -I C:/intelfpga_lite/18.1/quartus/sopc_builder/bin -I C:/intelfpga_lite/18.1/quartus/../ip/altera/nios2_ip/altera_nios2_gen2/cpu_lib -I C:/intelfpga_lite/18.1/quartus/../ip/altera/nios2_ip/altera_nios2_gen2/nios_lib -I C:/intelfpga_lite/18.1/quartus/../ip/altera/nios2_ip/altera_nios2_gen2 -I C:/intelfpga_lite/18.1/quartus/../ip/altera/nios2_ip/altera_nios2_gen2 -- C:/intelfpga_lite/18.1/quartus/../ip/altera/nios2_ip/altera_nios2_gen2/generate_rtl.epl --name=FinalProjectSoC_nios2_gen2_0_cpu --dir=C:/Users/koitoyuu/AppData/Local/Temp/alt8754_1276930275757821920.dir/0018_cpu_gen/ --quartus_bindir=C:/intelFPGA_lite/18.1/quartus/bin64/ --verilog --config=C:/Users/koitoyuu/AppData/Local/Temp/alt8754_1276930275757821920.dir/0018_cpu_gen//FinalProjectSoC_nios2_gen2_0_cpu_processor_configuration.pl  --do_build_sim=0  ]
Info: cpu: # 2021.05.07 16:18:36 (*) Starting Nios II generation
Info: cpu: # 2021.05.07 16:18:36 (*)   Checking for plaintext license.
Info: cpu: # 2021.05.07 16:18:37 (*)   Couldn't query license setup in Quartus directory C:/intelFPGA_lite/18.1/quartus/bin64/
Info: cpu: # 2021.05.07 16:18:37 (*)   Defaulting to contents of LM_LICENSE_FILE environment variable
Info: cpu: # 2021.05.07 16:18:37 (*)   LM_LICENSE_FILE environment variable is empty
Info: cpu: # 2021.05.07 16:18:37 (*)   Plaintext license not found.
Info: cpu: # 2021.05.07 16:18:37 (*)   No license required to generate encrypted Nios II/e.
Info: cpu: # 2021.05.07 16:18:37 (*)   Elaborating CPU configuration settings
Info: cpu: # 2021.05.07 16:18:37 (*)   Creating all objects for CPU
Info: cpu: # 2021.05.07 16:18:39 (*)   Generating RTL from CPU objects
Info: cpu: # 2021.05.07 16:18:39 (*)   Creating plain-text RTL
Info: cpu: # 2021.05.07 16:18:39 (*) Done Nios II generation
Info: cpu: Done RTL generation for module 'FinalProjectSoC_nios2_gen2_0_cpu'
Info: cpu: "nios2_gen2_0" instantiated altera_nios2_gen2_unit "cpu"
Info: nios2_gen2_0_data_master_translator: "mm_interconnect_0" instantiated altera_merlin_master_translator "nios2_gen2_0_data_master_translator"
Info: jtag_uart_0_avalon_jtag_slave_translator: "mm_interconnect_0" instantiated altera_merlin_slave_translator "jtag_uart_0_avalon_jtag_slave_translator"
Info: nios2_gen2_0_data_master_agent: "mm_interconnect_0" instantiated altera_merlin_master_agent "nios2_gen2_0_data_master_agent"
Info: jtag_uart_0_avalon_jtag_slave_agent: "mm_interconnect_0" instantiated altera_merlin_slave_agent "jtag_uart_0_avalon_jtag_slave_agent"
Info: jtag_uart_0_avalon_jtag_slave_agent_rsp_fifo: "mm_interconnect_0" instantiated altera_avalon_sc_fifo "jtag_uart_0_avalon_jtag_slave_agent_rsp_fifo"
Info: router: "mm_interconnect_0" instantiated altera_merlin_router "router"
Info: router_002: "mm_interconnect_0" instantiated altera_merlin_router "router_002"
Info: cmd_demux: "mm_interconnect_0" instantiated altera_merlin_demultiplexer "cmd_demux"
Info: cmd_mux: "mm_interconnect_0" instantiated altera_merlin_multiplexer "cmd_mux"
Info: rsp_demux: "mm_interconnect_0" instantiated altera_merlin_demultiplexer "rsp_demux"
Info: rsp_mux: "mm_interconnect_0" instantiated altera_merlin_multiplexer "rsp_mux"
Info: Reusing file C:/Users/koitoyuu/Documents/Spring2021/ECE385/FinalProject/FinalProjectSoC/synthesis/submodules/altera_merlin_arbitrator.sv
Info: avalon_st_adapter: "mm_interconnect_0" instantiated altera_avalon_st_adapter "avalon_st_adapter"
Info: error_adapter_0: "avalon_st_adapter" instantiated error_adapter "error_adapter_0"
Info: FinalProjectSoC: Done "FinalProjectSoC" with 33 modules, 56 files
Info: qsys-generate succeeded.
Info: Finished: Create HDL design files for synthesis
